[10:27:50]:Start Listening.
29,03,FA
28,03,FA
27,03,FA
26,03,FA
25,03,FA
24,03,FA
23,03,FA
23,03,FC
23,03,FC
30,03,FC
30,03,FC
29,03,FA
28,03,FA
27,03,FA
26,03,FA
25,03,FA
24,03,FA
23,03,FA
22,03,FA
21,03,FA
20,03,FA
19,03,FA
18,03,FA
17,03,FA
16,03,FA
15,03,FA
14,03,FA
13,03,FA
12,03,FA
11,03,FA
10,03,FA
09,03,FA
08,03,FA
07,03,FA
06,03,FA
05,03,FA
04,03,FA
03,03,FA
02,03,FA
01,03,FA
00,03,FA
00,03,FA
End listening.
Finish game.


[10:27:57]:Start Listening.
29,03,FA
28,03,FA
27,03,FA
26,03,FA
25,03,FA
24,03,FA
23,03,FA
23,03,FC
23,03,FC
30,03,FC
30,03,FC
29,03,FA
28,03,FA
27,03,FA
26,03,FA
25,03,FA
24,03,FA
23,03,FA
22,03,FA
21,03,FA
20,03,FA
19,03,FA
18,03,FA
17,03,FA
16,03,FA
15,03,FA
14,03,FA
13,03,FA
12,03,FA
11,03,FA
10,03,FA
09,03,FA
08,03,FA
07,03,FA
06,03,FA
05,03,FA
04,03,FA
03,03,FA
02,03,FA
01,03,FA
00,03,FA
00,03,FA
End listening.
Finish game.


[10:40:31]:[10:39:28]:[10:39:28]:[10:39:27]:[10:39:26]:[10:39:25]:[10:39:24]:[10:39:23]:[10:39:22]:[10:39:21]:[10:39:20]:[10:38:43]:[10:38:38]:[10:38:38]:[10:38:38]:[10:38:38]:Start Listening.
30,03,FB
30,03,FB
30,03,FB
30,03,FB
30,03,FC
29,03,FA
28,03,FA
27,03,FA
26,03,FA
25,03,FA
24,03,FA
23,03,FA
22,03,FA
22,03,FB
22,03,FB
End listening.
Finish game.


[10:42:51]:Start Listening.
End listening.
Finish game.


[10:59:26]:Start Listening.
End listening.
Finish game.
[10:43:39]:22,03,FC
[10:44:34]:22,03,FC
[10:45:32]:30,03,FC
[10:45:32]:30,03,FC
[10:45:32]:30,03,FC
[10:45:34]:30,03,FC
[10:45:34]:30,03,FC
[10:45:36]:29,03,FA
[10:45:37]:29,03,FB
[10:45:37]:29,03,FB
[10:45:38]:29,03,FB
[10:45:38]:29,03,FB
[10:45:43]:28,03,FA
[10:45:44]:27,03,FA
[10:45:45]:26,03,FA
[10:45:46]:25,03,FA
[10:45:47]:24,03,FA
[10:45:48]:23,03,FA
[10:45:49]:22,03,FA
[10:45:50]:21,03,FA
[10:45:51]:21,03,FA
[10:45:51]:30,03,FA
[10:45:52]:29,03,FA
[10:45:53]:28,03,FA
[10:45:54]:28,03,FA
[10:45:54]:30,03,FA
[10:45:55]:29,03,FA
[10:45:56]:28,03,FA
[10:45:57]:27,03,FA
[10:45:58]:26,03,FA
[10:45:59]:25,03,FA
[10:46:00]:24,03,FA
[10:46:01]:23,03,FA
[10:46:02]:22,03,FA
[10:46:03]:21,03,FA
[10:46:04]:20,03,FA
[10:46:05]:19,03,FA
[10:46:06]:18,03,FA
[10:46:07]:18,03,FA
[10:46:07]:30,03,FA
[10:46:08]:29,03,FA
[10:46:09]:29,03,FB
[10:46:09]:29,03,FB
[10:46:12]:30,03,FB
[10:46:12]:30,03,FB
[10:46:16]:29,03,FA
[10:46:17]:28,03,FA
[10:46:18]:27,03,FA
[10:46:19]:26,03,FA
[10:46:20]:25,03,FA
[10:46:21]:24,03,FA
[10:46:22]:23,03,FA
[10:46:23]:22,03,FA
[10:46:24]:21,03,FA
[10:46:25]:20,03,FA
[10:46:26]:19,03,FA
[10:46:26]:19,03,FC
[10:46:27]:19,03,FC
[10:46:35]:19,03,FC
[10:46:35]:19,03,FC
[10:47:46]:19,03,FC
[10:49:24]:18,03,FA
[10:49:25]:17,03,FA
[10:49:26]:16,03,FA
[10:49:27]:15,03,FA
[10:49:28]:14,03,FA
[10:49:29]:13,03,FA
[10:49:30]:12,03,FA
[10:49:31]:11,03,FA
[10:49:32]:10,03,FA
[10:49:33]:09,03,FA
[10:49:34]:08,03,FA
[10:49:35]:08,03,FC
[10:49:35]:08,03,FC
[10:50:35]:08,03,FC
[10:50:35]:08,03,FC
[10:51:02]:30,03,FC
[10:51:02]:30,03,FC
[10:51:06]:29,03,FA
[10:51:07]:28,03,FA
[10:51:08]:27,03,FA
[10:51:09]:26,03,FA
[10:51:10]:25,03,FA
[10:51:11]:24,03,FA
[10:51:12]:23,03,FA
[10:51:13]:22,03,FA
[10:51:14]:21,03,FA
[10:51:15]:20,03,FA
[10:51:16]:19,03,FA
[10:51:17]:18,03,FA
[10:51:18]:17,03,FA
[10:51:19]:16,03,FA
[10:51:20]:15,03,FA
[10:51:21]:14,03,FA
[10:51:22]:13,03,FA
[10:51:23]:12,03,FA
[10:51:24]:11,03,FA
[10:51:25]:10,03,FA
[10:51:26]:09,03,FA
[10:51:27]:08,03,FA
[10:51:28]:07,03,FA
[10:51:29]:06,03,FA
[10:51:30]:05,03,FA
[10:51:31]:04,03,FA
[10:51:32]:03,03,FA
[10:51:33]:02,03,FA
[10:51:34]:01,03,FA
[10:51:35]:00,03,FA
[10:51:36]:00,03,FA
[10:51:36]:30,03,FA
[10:51:37]:29,03,FA
[10:51:38]:28,03,FA
[10:51:39]:27,03,FA
[10:51:40]:26,03,FA
[10:51:41]:25,03,FA
[10:51:42]:24,03,FA
[10:51:43]:23,03,FA
[10:51:44]:22,03,FA
[10:51:45]:21,03,FA
[10:51:46]:20,03,FA
[10:51:47]:19,03,FA
[10:51:48]:18,03,FA
[10:51:49]:17,03,FA
[10:51:50]:16,03,FA
[10:51:51]:15,03,FA
[10:51:52]:14,03,FA
[10:51:53]:13,03,FA
[10:51:54]:12,03,FA
[10:51:55]:11,03,FA
[10:51:56]:10,03,FA
[10:51:57]:10,03,FA
[10:51:57]:30,03,FA
[10:51:58]:29,03,FA
[10:51:59]:29,03,FA
[10:51:59]:30,03,FA
[10:52:00]:29,03,FA
[10:52:00]:30,03,FA
[10:52:01]:29,03,FA
[10:52:02]:28,03,FA
[10:52:03]:27,03,FA
[10:52:04]:26,03,FA
[10:52:05]:25,03,FA
[10:52:06]:24,03,FA
[10:52:07]:23,03,FA
[10:52:08]:22,03,FA
[10:52:09]:21,03,FA
[10:52:10]:20,03,FA
[10:52:11]:19,03,FA
[10:52:12]:18,03,FA
[10:52:13]:17,03,FA
[10:52:14]:16,03,FA
[10:52:15]:15,03,FA
[10:52:16]:14,03,FA
[10:52:17]:13,03,FA
[10:52:18]:12,03,FA
[10:52:19]:11,03,FA
[10:52:20]:10,03,FA
[10:52:21]:09,03,FA
[10:52:22]:08,03,FA
[10:52:23]:07,03,FA
[10:52:24]:06,03,FA
[10:52:25]:05,03,FA
[10:52:26]:04,03,FA
[10:52:27]:03,03,FA
[10:52:28]:02,03,FA
[10:52:29]:01,03,FA
[10:52:30]:00,03,FA
[10:52:31]:00,03,FA
[10:54:05]:30,03,FA
[10:54:05]:30,03,FA
[10:54:06]:29,03,FA
[10:54:07]:28,03,FA
[10:54:08]:27,03,FA
[10:54:09]:26,03,FA
[10:54:10]:25,03,FA
[10:54:11]:24,03,FA
[10:54:12]:23,03,FA
[10:54:13]:22,03,FA
[10:54:14]:22,03,FC
[10:55:25]:30,03,FC
[10:55:26]:30,03,FC
[10:55:28]:29,03,FA
[10:55:29]:28,03,FA
[10:55:30]:27,03,FA
[10:55:31]:26,03,FA
[10:55:32]:25,03,FA
[10:55:33]:24,03,FA
[10:55:34]:23,03,FA
[10:55:35]:22,03,FA
[10:55:36]:21,03,FA
[10:55:37]:20,03,FA
[10:55:37]:20,03,FC
[10:55:37]:20,03,FC
[10:57:24]:30,03,FC
[10:57:24]:30,03,FC
[10:57:26]:29,03,FA
[10:57:27]:28,03,FA
[10:57:28]:27,03,FA
[10:57:29]:26,03,FA
[10:57:30]:25,03,FA
[10:57:31]:24,03,FA
[10:57:32]:23,03,FA
[10:57:33]:22,03,FA
[10:57:34]:21,03,FA
[10:57:35]:21,03,FC
[10:57:35]:21,03,FC
[10:58:47]:21,03,FA
[10:58:47]:30,03,FA
[10:58:48]:29,03,FA
[10:58:49]:28,03,FA
[10:58:50]:27,03,FA
[10:58:51]:26,03,FA
[10:58:52]:25,03,FA
[10:58:53]:24,03,FA
[10:58:54]:23,03,FA
[10:58:55]:22,03,FA
[10:58:56]:21,03,FA
[10:58:57]:20,03,FA
[10:58:58]:19,03,FA
[10:58:59]:18,03,FA
[10:59:00]:17,03,FA
[10:59:01]:16,03,FA
[10:59:02]:15,03,FA
[10:59:03]:14,03,FA
[10:59:04]:13,03,FA
[10:59:05]:12,03,FA
[10:59:06]:11,03,FA
[10:59:07]:10,03,FA
[10:59:08]:09,03,FA
[10:59:09]:08,03,FA
[10:59:09]:08,03,FC
[10:59:09]:08,03,FC
End listening.
Finish game.


[11:03:57]:Start Listening.
End listening.
Finish game.


[11:04:00]:Start Listening.
End listening.
Finish game.


[11:08:57]:Start Listening.
[11:05:30]:30,03,FC
[11:05:30]:30,03,FC
[11:05:34]:29,03,FA
[11:05:35]:28,03,FA
[11:05:36]:27,03,FA
[11:05:37]:26,03,FA
[11:05:38]:25,03,FA
[11:05:39]:24,03,FA
[11:05:40]:23,03,FA
[11:05:41]:22,03,FA
[11:05:42]:21,03,FA
[11:05:43]:21,03,FC
[11:05:43]:21,03,FC
[11:05:49]:21,03,FC
[11:05:49]:21,03,FC
[11:05:49]:21,03,FC
[11:07:33]:20,03,FA
[11:07:34]:19,03,FA
[11:07:35]:18,03,FA
[11:07:36]:17,03,FA
[11:07:37]:16,03,FA
[11:07:37]:16,03,FC
[11:07:37]:16,03,FC
[11:08:21]:16,03,FC
[11:08:21]:16,03,FC
[11:08:21]:16,03,FC
End listening.
Finish game.


[11:21:51]:Start Listening.
[11:18:48]:30,03,FB
[11:18:48]:30,03,FB
[11:18:50]:29,03,FA
[11:18:51]:28,03,FA
[11:18:52]:27,03,FA
[11:18:53]:26,03,FA
[11:18:54]:25,03,FA
[11:18:55]:24,03,FA
[11:18:56]:23,03,FA
[11:18:57]:22,03,FA
[11:18:58]:21,03,FA
[11:18:59]:20,03,FA
[11:19:00]:19,03,FA
[11:19:01]:18,03,FA
[11:19:02]:17,03,FA
[11:19:03]:16,03,FA
[11:19:04]:15,03,FA
[11:19:05]:14,03,FA
[11:19:06]:13,03,FA
[11:19:07]:12,03,FA
[11:19:08]:11,03,FA
[11:19:09]:10,03,FA
[11:19:10]:09,03,FA
[11:19:11]:08,03,FA
[11:19:12]:07,03,FA
[11:19:13]:06,03,FA
[11:19:14]:05,03,FA
[11:19:15]:04,03,FA
[11:19:16]:03,03,FA
[11:19:17]:02,03,FA
[11:19:18]:01,03,FA
[11:19:19]:00,03,FA
[11:19:20]:00,03,FA
[11:19:29]:00,03,FA
[11:19:32]:30,03,FA
[11:19:33]:30,03,FA
[11:19:33]:29,03,FA
[11:19:35]:28,03,FA
[11:19:36]:27,03,FA
[11:19:37]:27,03,FA
[11:19:37]:30,03,FA
[11:19:38]:29,03,FA
[11:19:39]:28,03,FA
[11:19:40]:27,03,FA
[11:19:41]:26,03,FA
[11:19:42]:25,03,FA
[11:19:43]:24,03,FA
[11:19:44]:23,03,FA
[11:19:45]:22,03,FA
[11:19:46]:21,03,FA
[11:19:47]:20,03,FA
[11:19:48]:19,03,FA
[11:19:49]:18,03,FA
[11:19:50]:17,03,FA
[11:19:51]:16,03,FA
[11:19:52]:15,03,FA
[11:19:53]:14,03,FA
[11:19:54]:13,03,FA
[11:19:55]:12,03,FA
[11:19:56]:11,03,FA
[11:19:57]:10,03,FA
[11:19:58]:09,03,FA
[11:19:59]:08,03,FA
[11:20:00]:07,03,FA
[11:20:01]:06,03,FA
[11:20:02]:05,03,FA
[11:20:03]:04,03,FA
[11:20:04]:03,03,FA
[11:20:05]:02,03,FA
[11:20:06]:01,03,FA
[11:20:07]:00,03,FA
[11:20:08]:00,03,FA
[11:20:13]:30,03,FA
[11:20:13]:30,03,FA
[11:20:14]:29,03,FA
[11:20:15]:28,03,FA
[11:20:16]:27,03,FA
[11:20:17]:26,03,FA
[11:20:18]:25,03,FA
[11:20:19]:24,03,FA
[11:20:20]:23,03,FA
[11:20:21]:22,03,FA
[11:20:22]:21,03,FA
[11:20:23]:20,03,FA
[11:20:24]:19,03,FA
[11:20:25]:18,03,FA
[11:20:26]:17,03,FA
[11:20:27]:16,03,FA
[11:20:28]:15,03,FA
[11:20:29]:14,03,FA
[11:20:30]:13,03,FA
[11:20:31]:12,03,FA
[11:20:32]:11,03,FA
[11:20:33]:10,03,FA
[11:20:34]:09,03,FA
[11:20:35]:08,03,FA
[11:20:36]:07,03,FA
[11:20:37]:06,03,FA
[11:20:38]:05,03,FA
[11:20:39]:04,03,FA
[11:20:40]:03,03,FA
[11:20:41]:02,03,FA
[11:20:42]:01,03,FA
[11:20:43]:00,03,FA
[11:20:44]:00,03,FC
[11:20:44]:00,03,FC
[11:20:59]:00,03,FC
End listening.
Finish game.


[11:34:03]:Start Listening.
End listening.
Finish game.


[11:46:39]:Start Listening.
[11:46:19]:00,03,FC
End listening.
Finish game.


[11:53:26]:Start Listening.
[11:46:19]:00,03,FC
End listening.
Finish game.
[11:48:49]:00,03,FC
[11:48:49]:00,03,FC
[11:49:45]:00,03,FC
[11:50:51]:30,03,FC
[11:50:51]:30,03,FC
[11:51:07]:30,03,FC
[11:51:24]:30,03,FC
[11:51:25]:30,03,FC
[11:51:25]:30,03,FC
End listening.
Finish game.


[12:00:37]:Start Listening.
[11:59:53]:EF30,03,FCBF
End listening.
Finish game.


[12:01:53]:Start Listening.
End listening.
Finish game.


