[22:02:48]:Start Listening.
[21:55:51]:DF,05,22,52,00,00,01,CF
[21:55:51]:DF,05,21,52,00,00,01,CF
[21:55:51]:DF,05,20,52,00,00,01,CF
[21:55:51]:DF,05,19,52,00,00,01,CF
[21:55:53]:DF,05,18,52,00,00,01,CF
[21:55:53]:DF,05,17,52,00,00,01,CF
[21:55:54]:DF,05,16,52,00,00,01,CF
[21:55:55]:DF,05,15,52,00,00,01,CF
[21:55:56]:DF,05,14,52,00,00,01,CF
[21:55:57]:DF,05,13,52,00,00,01,CF
[21:55:58]:DF,05,12,52,00,00,01,CF
[21:55:59]:DF,05,11,52,00,00,01,CF
[21:56:00]:DF,05,10,52,00,00,01,CF
[21:56:01]:DF,05,09,52,00,00,01,CF
[21:56:02]:DF,05,08,52,00,00,01,CF
[21:56:03]:DF,05,07,52,00,00,01,CF
[21:56:04]:DF,05,06,52,00,00,01,CF
[21:56:05]:DF,05,05,52,00,00,01,CF
[21:56:06]:DF,05,04,52,00,00,01,CF
[21:56:07]:DF,05,03,52,00,00,01,CF
[21:56:08]:DF,05,02,52,00,00,01,CF
[21:56:09]:DF,05,01,52,00,00,01,CF
[21:56:10]:DF,05,00,52,00,00,01,CF
[21:56:11]:DF,04,59,52,00,00,01,CF
[21:56:12]:DF,04,58,52,00,00,01,CF
[21:56:13]:DF,04,57,52,00,00,01,CF
[21:56:14]:DF,04,56,52,00,00,01,CF
[21:56:15]:DF,04,55,52,00,00,01,CF
[21:56:16]:DF,04,54,52,00,00,01,CF
[21:56:17]:DF,04,53,52,00,00,01,CF
[21:56:18]:DF,04,52,52,00,00,01,CF
[21:56:19]:DF,04,51,52,00,00,01,CF
[21:56:20]:DF,04,50,52,00,00,01,CF
[21:56:21]:DF,04,49,52,00,00,01,CF
[21:56:22]:DF,04,48,52,00,00,01,CF
[21:56:23]:DF,04,47,52,00,00,01,CF
[21:56:24]:DF,04,46,52,00,00,01,CF
[21:56:25]:DF,04,45,52,00,00,01,CF
[21:56:26]:DF,04,44,52,00,00,01,CF
[21:56:27]:DF,04,43,52,00,00,01,CF
[21:56:28]:DF,04,42,52,00,00,01,CF
[21:56:29]:DF,04,41,52,00,00,01,CF
[21:56:30]:DF,04,40,52,00,00,01,CF
[21:56:31]:DF,04,39,52,00,00,01,CF
[21:56:32]:DF,04,38,52,00,00,01,CF
[21:56:33]:DF,04,37,52,00,00,01,CF
[21:56:34]:DF,04,36,52,00,00,01,CF
[21:56:35]:DF,04,35,52,00,00,01,CF
[21:56:36]:DF,04,34,52,00,00,01,CF
[21:56:37]:DF,04,33,52,00,00,01,CF
[21:56:38]:DF,04,32,52,00,00,01,CF
[21:56:39]:DF,04,31,52,00,00,01,CF
[21:56:40]:DF,04,30,52,00,00,01,CF
[21:56:41]:DF,04,29,52,00,00,01,CF
[21:56:42]:DF,04,28,52,00,00,01,CF
[21:56:43]:DF,04,27,52,00,00,01,CF
[21:56:44]:DF,04,26,52,00,00,01,CF
[21:56:45]:DF,04,25,52,00,00,01,CF
[21:56:46]:DF,04,24,52,00,00,01,CF
[21:56:47]:DF,04,23,52,00,00,01,CF
[21:56:48]:DF,04,22,52,00,00,01,CF
[21:56:49]:DF,04,21,52,00,00,01,CF
[21:56:50]:DF,04,20,52,00,00,01,CF
[21:56:51]:DF,04,19,52,00,00,01,CF
[21:56:52]:DF,04,18,52,00,00,01,CF
[21:56:53]:DF,04,17,52,00,00,01,CF
[21:56:54]:DF,04,16,52,00,00,01,CF
[21:56:55]:DF,04,15,52,00,00,01,CF
[21:56:56]:DF,04,14,52,00,00,01,CF
[21:56:57]:DF,04,13,52,00,00,01,CF
[21:56:58]:DF,04,12,52,00,00,01,CF
[21:56:59]:DF,04,11,52,00,00,01,CF
[21:57:00]:DF,04,10,52,00,00,01,CF
[21:57:01]:DF,04,09,52,00,00,01,CF
[21:57:02]:DF,04,08,52,00,00,01,CF
[21:57:03]:DF,04,07,52,00,00,01,CF
[21:57:04]:DF,04,06,52,00,00,01,CF
[21:57:05]:DF,04,05,52,00,00,01,CF
[21:57:06]:DF,04,04,52,00,00,01,CF
[21:57:07]:DF,04,03,52,00,00,01,CF
[21:57:08]:DF,04,02,52,00,00,01,CF
[21:57:09]:DF,04,01,52,00,00,01,CF
[21:57:10]:DF,04,00,52,00,00,01,CF
[21:57:11]:DF,03,59,52,00,00,01,CF
[21:57:12]:DF,03,58,52,00,00,01,CF
[21:57:13]:DF,03,57,52,00,00,01,CF
[21:57:14]:DF,03,57,52,00,00,01,CF
[21:57:14]:DF,01,00,B2,00,00,D1,CF
[21:57:14]:DF,01,00,B2,00,00,D1,CF
[21:57:15]:DF,00,59,02,00,00,D1,CF
[21:57:16]:DF,00,58,02,00,00,D1,CF
[21:57:17]:DF,00,57,02,00,00,D1,CF
[21:57:18]:DF,00,56,02,00,00,D1,CF
[21:57:19]:DF,00,55,02,00,00,D1,CF
[21:57:20]:DF,00,54,02,00,00,D1,CF
[21:57:21]:DF,00,53,02,00,00,D1,CF
[21:57:22]:DF,00,52,02,00,00,D1,CF
[21:57:23]:DF,00,51,02,00,00,D1,CF
[21:57:24]:DF,00,50,02,00,00,D1,CF
[21:57:25]:DF,00,49,02,00,00,D1,CF
[21:57:26]:DF,00,48,02,00,00,D1,CF
[21:57:27]:DF,00,47,02,00,00,D1,CF
[21:57:28]:DF,00,46,02,00,00,D1,CF
[21:57:29]:DF,00,45,02,00,00,D1,CF
[21:57:30]:DF,00,44,02,00,00,D1,CF
[21:57:31]:DF,00,43,02,00,00,D1,CF
[21:57:32]:DF,00,42,02,00,00,D1,CF
[21:57:33]:DF,00,41,02,00,00,D1,CF
[21:57:34]:DF,00,40,02,00,00,D1,CF
[21:57:35]:DF,00,39,02,00,00,D1,CF
[21:57:36]:DF,00,38,02,00,00,D1,CF
[21:57:37]:DF,00,37,02,00,00,D1,CF
[21:57:38]:DF,00,36,02,00,00,D1,CF
[21:57:39]:DF,00,35,02,00,00,D1,CF
[21:57:40]:DF,00,34,02,00,00,D1,CF
[21:57:41]:DF,00,33,02,00,00,D1,CF
[21:57:42]:DF,00,32,02,00,00,D1,CF
[21:57:43]:DF,00,31,02,00,00,D1,CF
[21:57:44]:DF,00,30,02,00,00,D1,CF
[21:57:45]:DF,00,29,02,00,00,D1,CF
[21:57:46]:DF,00,28,02,00,00,D1,CF
[21:57:47]:DF,00,27,02,00,00,D1,CF
[21:57:48]:DF,00,26,02,00,00,D1,CF
[21:57:49]:DF,00,25,02,00,00,D1,CF
[21:57:50]:DF,00,24,02,00,00,D1,CF
[21:57:51]:DF,00,23,02,00,00,D1,CF
[21:57:52]:DF,00,22,02,00,00,D1,CF
[21:57:53]:DF,00,21,02,00,00,D1,CF
[21:57:54]:DF,00,20,02,00,00,D1,CF
[21:57:55]:DF,00,19,02,00,00,D1,CF
[21:57:56]:DF,00,18,02,00,00,D1,CF
[21:57:57]:DF,00,17,02,00,00,D1,CF
[21:57:58]:DF,00,16,02,00,00,D1,CF
[21:57:59]:DF,00,15,C2,00,00,D1,CF
[21:58:00]:DF,00,14,02,00,00,D1,CF
[21:58:01]:DF,00,13,02,00,00,D1,CF
[21:58:02]:DF,00,12,02,00,00,D1,CF
[21:58:03]:DF,00,11,02,00,00,D1,CF
[21:58:04]:DF,00,10,02,00,00,D1,CF
[21:58:05]:DF,00,09,02,00,00,D1,CF
[21:58:06]:DF,00,08,02,00,00,D1,CF
[21:58:07]:DF,00,07,02,00,00,D1,CF
[21:58:08]:DF,00,06,02,00,00,D1,CF
[21:58:09]:DF,00,05,02,00,00,D1,CF
[21:58:10]:DF,00,04,02,00,00,D1,CF
[21:58:11]:DF,00,03,02,00,00,D1,CF
[21:58:12]:DF,00,02,02,00,00,D1,CF
[21:58:13]:DF,00,01,02,00,00,D1,CF
[21:58:14]:DF,00,00,02,00,00,D1,CF
[21:58:15]:DF,01,00,52,00,00,01,CF
[21:58:15]:DF,03,57,52,00,00,01,CF
[21:58:25]:DF,03,56,52,00,00,01,CF
[21:58:26]:DF,03,55,52,00,00,01,CF
[21:58:27]:DF,03,54,52,00,00,01,CF
[21:58:28]:DF,03,53,52,00,00,01,CF
[21:58:29]:DF,03,52,52,00,00,01,CF
[21:58:30]:DF,03,51,52,00,00,01,CF
[21:58:31]:DF,03,50,52,00,00,01,CF
[21:58:32]:DF,03,49,52,00,00,01,CF
[21:58:33]:DF,03,48,52,00,00,01,CF
[21:58:34]:DF,03,47,52,00,00,01,CF
[21:58:35]:DF,03,46,52,00,00,01,CF
[21:58:36]:DF,03,45,52,00,00,01,CF
[21:58:37]:DF,03,44,52,00,00,01,CF
[21:58:38]:DF,03,43,52,00,00,01,CF
[21:58:39]:DF,03,42,52,00,00,01,CF
[21:58:40]:DF,03,41,52,00,00,01,CF
[21:58:41]:DF,03,40,52,00,00,01,CF
[21:58:42]:DF,03,39,52,00,00,01,CF
[21:58:43]:DF,03,38,52,00,00,01,CF
[21:58:44]:DF,03,37,52,00,00,01,CF
[21:58:45]:DF,03,36,52,00,00,01,CF
[21:58:46]:DF,03,35,52,00,00,01,CF
[21:58:47]:DF,03,34,52,00,00,01,CF
[21:58:48]:DF,03,33,52,00,00,01,CF
[21:58:49]:DF,03,32,52,00,00,01,CF
[21:58:50]:DF,03,31,52,00,00,01,CF
[21:58:51]:DF,03,30,52,00,00,01,CF
[21:58:52]:DF,03,29,52,00,00,01,CF
[21:58:53]:DF,03,28,52,00,00,01,CF
[21:58:54]:DF,03,27,52,00,00,01,CF
[21:58:55]:DF,03,26,52,00,00,01,CF
[21:58:56]:DF,03,25,52,00,00,01,CF
[21:58:57]:DF,03,24,52,00,00,01,CF
[21:58:58]:DF,03,24,52,00,00,01,CF
[21:58:58]:DF,01,00,B2,00,00,C1,CF
[21:58:58]:DF,01,00,B2,00,00,C1,CF
[21:58:59]:DF,00,59,02,00,00,C1,CF
[21:59:00]:DF,00,58,02,00,00,C1,CF
[21:59:01]:DF,00,57,02,00,00,C1,CF
[21:59:02]:DF,00,56,02,00,00,C1,CF
[21:59:03]:DF,00,55,02,00,00,C1,CF
[21:59:04]:DF,00,54,02,00,00,C1,CF
[21:59:05]:DF,00,53,02,00,00,C1,CF
[21:59:06]:DF,00,52,02,00,00,C1,CF
[21:59:07]:DF,00,51,02,00,00,C1,CF
[21:59:08]:DF,00,50,02,00,00,C1,CF
[21:59:09]:DF,00,49,02,00,00,C1,CF
[21:59:10]:DF,00,48,02,00,00,C1,CF
[21:59:11]:DF,00,47,02,00,00,C1,CF
[21:59:12]:DF,00,46,02,00,00,C1,CF
[21:59:13]:DF,00,45,02,00,00,C1,CF
[21:59:14]:DF,00,44,02,00,00,C1,CF
[21:59:15]:DF,00,43,02,00,00,C1,CF
[21:59:16]:DF,00,42,02,00,00,C1,CF
[21:59:17]:DF,00,41,02,00,00,C1,CF
[21:59:18]:DF,00,40,02,00,00,C1,CF
[21:59:19]:DF,00,39,02,00,00,C1,CF
[21:59:20]:DF,00,38,02,00,00,C1,CF
[21:59:21]:DF,00,37,02,00,00,C1,CF
[21:59:22]:DF,00,36,02,00,00,C1,CF
[21:59:23]:DF,00,35,02,00,00,C1,CF
[21:59:24]:DF,00,34,02,00,00,C1,CF
[21:59:25]:DF,00,33,02,00,00,C1,CF
[21:59:26]:DF,00,32,02,00,00,C1,CF
[21:59:27]:DF,00,31,02,00,00,C1,CF
[21:59:28]:DF,00,30,02,00,00,C1,CF
[21:59:29]:DF,00,29,02,00,00,C1,CF
[21:59:30]:DF,00,28,02,00,00,C1,CF
[21:59:31]:DF,00,27,02,00,00,C1,CF
[21:59:32]:DF,00,26,02,00,00,C1,CF
[21:59:33]:DF,00,25,02,00,00,C1,CF
[21:59:34]:DF,00,24,02,00,00,C1,CF
[21:59:35]:DF,00,23,02,00,00,C1,CF
[21:59:36]:DF,00,22,02,00,00,C1,CF
[21:59:37]:DF,00,21,02,00,00,C1,CF
[21:59:38]:DF,00,20,02,00,00,C1,CF
[21:59:39]:DF,00,19,02,00,00,C1,CF
[21:59:40]:DF,00,18,02,00,00,C1,CF
[21:59:41]:DF,00,17,02,00,00,C1,CF
[21:59:42]:DF,00,16,02,00,00,C1,CF
[21:59:43]:DF,00,15,C2,00,00,C1,CF
[21:59:44]:DF,00,14,02,00,00,C1,CF
[21:59:45]:DF,00,13,02,00,00,C1,CF
[21:59:46]:DF,00,12,02,00,00,C1,CF
[21:59:47]:DF,00,11,02,00,00,C1,CF
[21:59:48]:DF,00,10,02,00,00,C1,CF
[21:59:49]:DF,00,09,02,00,00,C1,CF
[21:59:50]:DF,00,08,02,00,00,C1,CF
[21:59:51]:DF,00,07,02,00,00,C1,CF
[21:59:52]:DF,00,06,02,00,00,C1,CF
[21:59:53]:DF,00,05,02,00,00,C1,CF
[21:59:54]:DF,00,04,02,00,00,C1,CF
[21:59:55]:DF,00,03,02,00,00,C1,CF
[21:59:56]:DF,00,02,02,00,00,C1,CF
[21:59:57]:DF,00,01,02,00,00,C1,CF
[21:59:58]:DF,00,00,02,00,00,C1,CF
[21:59:59]:DF,01,00,52,00,00,01,CF
[21:59:59]:DF,03,24,52,00,00,01,CF
[22:00:06]:DF,01,00,B2,00,00,C1,CF
[22:00:06]:DF,01,00,B2,00,00,C1,CF
[22:00:07]:DF,00,59,02,00,00,C1,CF
[22:00:08]:DF,00,58,02,00,00,C1,CF
[22:00:09]:DF,00,57,02,00,00,C1,CF
[22:00:10]:DF,00,56,02,00,00,C1,CF
[22:00:11]:DF,00,55,02,00,00,C1,CF
[22:00:12]:DF,00,54,02,00,00,C1,CF
[22:00:13]:DF,00,53,02,00,00,C1,CF
[22:00:14]:DF,00,52,02,00,00,C1,CF
[22:00:15]:DF,00,51,02,00,00,C1,CF
[22:00:16]:DF,00,50,02,00,00,C1,CF
[22:00:17]:DF,00,49,02,00,00,C1,CF
[22:00:18]:DF,00,48,02,00,00,C1,CF
[22:00:19]:DF,00,47,02,00,00,C1,CF
[22:00:20]:DF,00,46,02,00,00,C1,CF
[22:00:21]:DF,00,45,02,00,00,C1,CF
[22:00:22]:DF,00,44,02,00,00,C1,CF
[22:00:23]:DF,00,43,02,00,00,C1,CF
[22:00:24]:DF,00,42,B2,00,00,D1,CF
[22:00:24]:DF,00,42,B2,00,00,D1,CF
[22:00:25]:DF,00,41,02,00,00,D1,CF
[22:00:26]:DF,00,40,02,00,00,D1,CF
[22:00:27]:DF,00,39,02,00,00,D1,CF
[22:00:28]:DF,00,38,02,00,00,D1,CF
[22:00:29]:DF,00,37,02,00,00,D1,CF
[22:00:30]:DF,00,36,02,00,00,D1,CF
[22:00:31]:DF,00,35,02,00,00,D1,CF
[22:00:32]:DF,00,34,02,00,00,D1,CF
[22:00:33]:DF,00,33,02,00,00,D1,CF
[22:00:34]:DF,00,32,02,00,00,D1,CF
[22:00:35]:DF,00,31,02,00,00,D1,CF
[22:00:36]:DF,00,30,02,00,00,D1,CF
[22:00:37]:DF,00,29,02,00,00,D1,CF
[22:00:38]:DF,00,28,02,00,00,D1,CF
[22:00:39]:DF,00,27,02,00,00,D1,CF
[22:00:40]:DF,00,26,02,00,00,D1,CF
[22:00:41]:DF,00,25,02,00,00,D1,CF
[22:00:42]:DF,00,24,02,00,00,D1,CF
[22:00:43]:DF,00,23,02,00,00,D1,CF
[22:00:44]:DF,00,22,02,00,00,D1,CF
[22:00:45]:DF,00,21,02,00,00,D1,CF
[22:00:46]:DF,00,20,02,00,00,D1,CF
[22:00:47]:DF,00,19,02,00,00,D1,CF
[22:00:48]:DF,00,18,02,00,00,D1,CF
[22:00:49]:DF,00,17,02,00,00,D1,CF
[22:00:50]:DF,00,16,02,00,00,D1,CF
[22:00:51]:DF,00,15,C2,00,00,D1,CF
[22:00:52]:DF,00,14,02,00,00,D1,CF
[22:00:53]:DF,00,13,02,00,00,D1,CF
[22:00:54]:DF,00,12,02,00,00,D1,CF
[22:00:55]:DF,00,11,02,00,00,D1,CF
[22:00:56]:DF,00,10,02,00,00,D1,CF
[22:00:57]:DF,00,09,02,00,00,D1,CF
[22:00:58]:DF,00,08,02,00,00,D1,CF
[22:00:59]:DF,00,07,02,00,00,D1,CF
[22:01:00]:DF,00,06,02,00,00,D1,CF
[22:01:01]:DF,00,05,02,00,00,D1,CF
[22:01:02]:DF,00,04,02,00,00,D1,CF
[22:01:03]:DF,00,03,02,00,00,D1,CF
[22:01:04]:DF,00,02,02,00,00,D1,CF
[22:01:05]:DF,00,01,02,00,00,D1,CF
[22:01:06]:DF,00,00,02,00,00,D1,CF
[22:01:07]:DF,01,00,52,00,00,C1,CF
[22:01:07]:DF,03,24,52,00,00,C1,CF
[22:01:10]:DF,03,23,52,00,00,C1,CF
[22:01:11]:DF,03,22,52,00,00,C1,CF
[22:01:12]:DF,03,22,52,00,00,C1,CF
[22:01:18]:DF,03,22,52,00,00,C1,CF
[22:01:20]:DF,03,21,52,00,00,C1,CF
[22:01:21]:DF,03,20,52,00,00,C1,CF
[22:01:22]:DF,03,19,52,00,00,C1,CF
[22:01:23]:DF,03,18,52,00,00,C1,CF
[22:01:24]:DF,03,17,52,00,00,C1,CF
[22:01:25]:DF,03,16,52,00,00,C1,CF
[22:01:26]:DF,03,15,52,00,00,C1,CF
[22:01:27]:DF,03,14,52,00,00,C1,CF
[22:01:28]:DF,03,13,52,00,00,C1,CF
[22:01:29]:DF,03,12,52,00,00,C1,CF
[22:01:30]:DF,03,11,52,00,00,C1,CF
[22:01:31]:DF,03,10,52,00,00,C1,CF
[22:01:32]:DF,03,09,52,00,00,C1,CF
[22:01:33]:DF,03,08,52,00,00,C1,CF
[22:01:34]:DF,03,07,52,00,00,C1,CF
[22:01:35]:DF,03,06,52,00,00,C1,CF
[22:01:36]:DF,03,05,52,00,00,C1,CF
[22:01:37]:DF,03,04,52,00,00,C1,CF
[22:01:38]:DF,03,03,52,00,00,C1,CF
[22:01:39]:DF,03,02,52,00,00,C1,CF
[22:01:40]:DF,03,01,52,00,00,C1,CF
[22:01:41]:DF,03,00,52,00,00,C1,CF
[22:01:42]:DF,02,59,52,00,00,C1,CF
[22:01:43]:DF,02,58,52,00,00,C1,CF
[22:01:44]:DF,02,57,52,00,00,C1,CF
[22:01:45]:DF,02,56,52,00,00,C1,CF
[22:01:46]:DF,02,55,52,00,00,C1,CF
[22:01:47]:DF,02,54,52,00,00,C1,CF
[22:01:48]:DF,02,53,52,00,00,C1,CF
[22:01:49]:DF,02,52,52,00,00,C1,CF
[22:01:50]:DF,02,51,52,00,00,C1,CF
[22:01:51]:DF,02,50,52,00,00,C1,CF
[22:01:52]:DF,02,49,52,00,00,C1,CF
[22:01:53]:DF,02,48,52,00,00,C1,CF
[22:01:54]:DF,02,47,52,00,00,C1,CF
[22:01:55]:DF,02,46,52,00,00,C1,CF
[22:01:56]:DF,02,45,52,00,00,C1,CF
[22:01:57]:DF,02,44,52,00,00,C1,CF
[22:01:58]:DF,02,43,52,00,00,C1,CF
[22:01:59]:DF,02,42,52,00,00,C1,CF
[22:02:00]:DF,02,41,52,00,00,C1,CF
[22:02:01]:DF,02,40,52,00,00,C1,CF
[22:02:02]:DF,02,39,52,00,00,C1,CF
[22:02:03]:DF,02,38,52,00,00,C1,CF
[22:02:04]:DF,02,37,52,00,00,C1,CF
[22:02:05]:DF,02,36,52,00,00,C1,CF
[22:02:06]:DF,02,35,52,00,00,C1,CF
[22:02:07]:DF,02,34,52,00,00,C1,CF
[22:02:08]:DF,02,33,52,00,00,C1,CF
[22:02:09]:DF,02,32,52,00,00,C1,CF
[22:02:10]:DF,02,31,52,00,00,C1,CF
[22:02:11]:DF,02,30,52,00,00,C1,CF
[22:02:35]:DF,02,29,52,00,00,C1,CF
[22:02:35]:DF,02,28,52,00,00,C1,CF
[22:02:35]:DF,02,27,52,00,00,C1,CF
[22:02:35]:DF,02,26,52,00,00,C1,CF
[22:02:35]:DF,02,25,52,00,00,C1,CF
[22:02:35]:DF,02,24,52,00,00,C1,CF
[22:02:35]:DF,02,23,52,00,00,C1,CF
[22:02:35]:DF,02,22,52,00,00,C1,CF
[22:02:35]:DF,02,21,52,00,00,C1,CF
[22:02:35]:DF,02,20,52,00,00,C1,CF
[22:02:35]:DF,02,19,52,00,00,C1,CF
[22:02:35]:DF,02,18,52,00,00,C1,CF
[22:02:35]:DF,02,17,52,00,00,C1,CF
[22:02:35]:DF,02,16,52,00,00,C1,CF
[22:02:35]:DF,02,15,52,00,00,C1,CF
[22:02:35]:DF,02,14,52,00,00,C1,CF
[22:02:35]:DF,02,13,52,00,00,C1,CF
[22:02:35]:DF,02,12,52,00,00,C1,CF
[22:02:35]:DF,02,11,52,00,00,C1,CF
[22:02:35]:DF,02,10,52,00,00,C1,CF
[22:02:35]:DF,02,09,52,00,00,C1,CF
[22:02:35]:DF,02,08,52,00,00,C1,CF
[22:02:35]:DF,02,07,52,00,00,C1,CF
[22:02:35]:DF,02,06,52,00,00,C1,CF
[22:02:36]:DF,02,05,52,00,00,C1,CF
[22:02:37]:DF,02,04,52,00,00,C1,CF
[22:02:38]:DF,02,03,52,00,00,C1,CF
[22:02:39]:DF,02,02,52,00,00,C1,CF
[22:02:40]:DF,02,01,52,00,00,C1,CF
[22:02:41]:DF,02,00,52,00,00,C1,CF
[22:02:42]:DF,01,59,52,00,00,C1,CF
[22:02:43]:DF,01,58,52,00,00,C1,CF
[22:02:44]:DF,01,57,52,00,00,C1,CF
[22:02:45]:DF,01,56,52,00,00,C1,CF
[22:02:46]:DF,01,55,52,00,00,C1,CF
[22:02:47]:DF,01,54,52,00,00,C1,CF
[22:02:48]:DF,01,53,52,00,00,C1,CF
End listening.
Finish game.


