[22:02:48]:Start Listening.
[21:57:17]:EF,22,00,FC,BF
[21:57:44]:EF,22,00,FC,BF
[21:57:44]:EF,22,00,FC,BF
[21:57:49]:EF,22,01,FC,BF
[21:57:49]:EF,22,01,FC,BF
[21:58:28]:EF,21,01,FA,BF
[21:58:29]:EF,20,01,FA,BF
[21:58:30]:EF,19,01,FA,BF
[21:58:31]:EF,18,01,FA,BF
[21:58:32]:EF,17,01,FA,BF
[21:58:33]:EF,16,01,FA,BF
[21:58:34]:EF,15,01,FA,BF
[21:58:35]:EF,14,01,FA,BF
[21:58:36]:EF,13,01,FA,BF
[21:58:37]:EF,12,01,FA,BF
[21:58:38]:EF,11,01,FA,BF
[21:58:39]:EF,10,01,FA,BF
[21:58:40]:EF,09,01,FA,BF
[21:58:41]:EF,08,01,FA,BF
[21:58:42]:EF,07,01,FA,BF
[21:58:43]:EF,06,01,FA,BF
[21:58:44]:EF,05,01,FA,BF
[21:58:45]:EF,04,01,FA,BF
[21:58:46]:EF,03,01,FA,BF
[21:58:47]:EF,02,01,FA,BF
[21:58:48]:EF,01,01,FA,BF
[21:58:49]:EF,00,01,FA,BF
[21:58:50]:EF,00,01,FA,BF
[21:58:51]:EF,00,01,FA,BF
[21:58:52]:EF,30,01,FA,BF
[21:58:52]:EF,30,01,FA,BF
[21:58:53]:EF,29,01,FA,BF
[21:58:54]:EF,28,01,FA,BF
[21:58:55]:EF,27,01,FA,BF
[21:58:56]:EF,26,01,FA,BF
[21:58:57]:EF,25,01,FA,BF
[21:58:58]:EF,25,01,FC,BF
[21:58:58]:EF,25,01,FC,BF
[22:00:06]:EF,25,01,FC,BF
[22:00:23]:EF,25,01,FC,BF
[22:00:24]:EF,25,01,FC,BF
[22:00:24]:EF,25,01,FC,BF
End listening.
Finish game.


